# JRE version: Java(TM) SE Runtime Environment (8.0_181-b13) (build 1.8.0_181-b13)
# Java VM: Java HotSpot(TM) 64-Bit Server VM (25.181-b13 mixed mode windows-amd64 compressed oops)
Heap:
 PSYoungGen      total 117760K, used 55060K [0x00000000eb400000, 0x00000000f3280000, 0x0000000100000000)
  eden space 107008K, 43% used [0x00000000eb400000,0x00000000ee1bc3f0,0x00000000f1c80000)
  from space 10752K, 76% used [0x00000000f2800000,0x00000000f3008e48,0x00000000f3280000)
  to   space 11264K, 0% used [0x00000000f1c80000,0x00000000f1c80000,0x00000000f2780000)
 ParOldGen       total 55808K, used 20103K [0x00000000c1c00000, 0x00000000c5280000, 0x00000000eb400000)
  object space 55808K, 36% used [0x00000000c1c00000,0x00000000c2fa1eb8,0x00000000c5280000)
 Metaspace       used 54832K, capacity 56764K, committed 56920K, reserved 1097728K
  class space    used 7418K, capacity 7779K, committed 7808K, reserved 1048576K
GC Heap History (10 events):
Event: 23.991 GC heap before
{Heap before GC invocations=12 (full 1):
 PSYoungGen      total 67072K, used 67046K [0x00000000eb400000, 0x00000000f1800000, 0x0000000100000000)
  eden space 60928K, 100% used [0x00000000eb400000,0x00000000eef80000,0x00000000eef80000)
  from space 6144K, 99% used [0x00000000ef900000,0x00000000efef9840,0x00000000eff00000)
  to   space 9728K, 0% used [0x00000000eef80000,0x00000000eef80000,0x00000000ef900000)
 ParOldGen       total 31744K, used 12531K [0x00000000c1c00000, 0x00000000c3b00000, 0x00000000eb400000)
  object space 31744K, 39% used [0x00000000c1c00000,0x00000000c283cf28,0x00000000c3b00000)
 Metaspace       used 32989K, capacity 34262K, committed 34560K, reserved 1079296K
  class space    used 4246K, capacity 4512K, committed 4608K, reserved 1048576K
Event: 24.012 GC heap after
Heap after GC invocations=12 (full 1):
 PSYoungGen      total 70656K, used 6390K [0x00000000eb400000, 0x00000000f1500000, 0x0000000100000000)
  eden space 60928K, 0% used [0x00000000eb400000,0x00000000eb400000,0x00000000eef80000)
  from space 9728K, 65% used [0x00000000eef80000,0x00000000ef5bdaf0,0x00000000ef900000)
  to   space 9728K, 0% used [0x00000000f0b80000,0x00000000f0b80000,0x00000000f1500000)
 ParOldGen       total 31744K, used 15351K [0x00000000c1c00000, 0x00000000c3b00000, 0x00000000eb400000)
  object space 31744K, 48% used [0x00000000c1c00000,0x00000000c2afdf78,0x00000000c3b00000)
 Metaspace       used 32989K, capacity 34262K, committed 34560K, reserved 1079296K
  class space    used 4246K, capacity 4512K, committed 4608K, reserved 1048576K
}
Event: 25.264 GC heap before
{Heap before GC invocations=13 (full 1):
 PSYoungGen      total 70656K, used 19598K [0x00000000eb400000, 0x00000000f1500000, 0x0000000100000000)
  eden space 60928K, 21% used [0x00000000eb400000,0x00000000ec0e6060,0x00000000eef80000)
  from space 9728K, 65% used [0x00000000eef80000,0x00000000ef5bdaf0,0x00000000ef900000)
  to   space 9728K, 0% used [0x00000000f0b80000,0x00000000f0b80000,0x00000000f1500000)
 ParOldGen       total 31744K, used 15351K [0x00000000c1c00000, 0x00000000c3b00000, 0x00000000eb400000)
  object space 31744K, 48% used [0x00000000c1c00000,0x00000000c2afdf78,0x00000000c3b00000)
 Metaspace       used 33977K, capacity 35272K, committed 35416K, reserved 1079296K
  class space    used 4356K, capacity 4623K, committed 4736K, reserved 1048576K
Event: 25.308 GC heap after
Heap after GC invocations=13 (full 1):
 PSYoungGen      total 89600K, used 3222K [0x00000000eb400000, 0x00000000f1980000, 0x0000000100000000)
  eden space 79872K, 0% used [0x00000000eb400000,0x00000000eb400000,0x00000000f0200000)
  from space 9728K, 33% used [0x00000000f0b80000,0x00000000f0ea5948,0x00000000f1500000)
  to   space 9728K, 0% used [0x00000000f0200000,0x00000000f0200000,0x00000000f0b80000)
 ParOldGen       total 31744K, used 18593K [0x00000000c1c00000, 0x00000000c3b00000, 0x00000000eb400000)
  object space 31744K, 58% used [0x00000000c1c00000,0x00000000c2e287d8,0x00000000c3b00000)
 Metaspace       used 33977K, capacity 35272K, committed 35416K, reserved 1079296K
  class space    used 4356K, capacity 4623K, committed 4736K, reserved 1048576K
}
Event: 25.308 GC heap before
{Heap before GC invocations=14 (full 2):
 PSYoungGen      total 89600K, used 3222K [0x00000000eb400000, 0x00000000f1980000, 0x0000000100000000)
  eden space 79872K, 0% used [0x00000000eb400000,0x00000000eb400000,0x00000000f0200000)
  from space 9728K, 33% used [0x00000000f0b80000,0x00000000f0ea5948,0x00000000f1500000)
  to   space 9728K, 0% used [0x00000000f0200000,0x00000000f0200000,0x00000000f0b80000)
 ParOldGen       total 31744K, used 18593K [0x00000000c1c00000, 0x00000000c3b00000, 0x00000000eb400000)
  object space 31744K, 58% used [0x00000000c1c00000,0x00000000c2e287d8,0x00000000c3b00000)
 Metaspace       used 33977K, capacity 35272K, committed 35416K, reserved 1079296K
  class space    used 4356K, capacity 4623K, committed 4736K, reserved 1048576K
Event: 25.444 GC heap after
Heap after GC invocations=14 (full 2):
 PSYoungGen      total 89600K, used 0K [0x00000000eb400000, 0x00000000f1980000, 0x0000000100000000)
  eden space 79872K, 0% used [0x00000000eb400000,0x00000000eb400000,0x00000000f0200000)
  from space 9728K, 0% used [0x00000000f0b80000,0x00000000f0b80000,0x00000000f1500000)
  to   space 9728K, 0% used [0x00000000f0200000,0x00000000f0200000,0x00000000f0b80000)
 ParOldGen       total 55808K, used 17364K [0x00000000c1c00000, 0x00000000c5280000, 0x00000000eb400000)
  object space 55808K, 31% used [0x00000000c1c00000,0x00000000c2cf53d8,0x00000000c5280000)
 Metaspace       used 33977K, capacity 35272K, committed 35416K, reserved 1079296K
  class space    used 4356K, capacity 4623K, committed 4736K, reserved 1048576K
}
Event: 32.027 GC heap before
{Heap before GC invocations=15 (full 2):
 PSYoungGen      total 89600K, used 79872K [0x00000000eb400000, 0x00000000f1980000, 0x0000000100000000)
  eden space 79872K, 100% used [0x00000000eb400000,0x00000000f0200000,0x00000000f0200000)
  from space 9728K, 0% used [0x00000000f0b80000,0x00000000f0b80000,0x00000000f1500000)
  to   space 9728K, 0% used [0x00000000f0200000,0x00000000f0200000,0x00000000f0b80000)
 ParOldGen       total 55808K, used 17364K [0x00000000c1c00000, 0x00000000c5280000, 0x00000000eb400000)
  object space 55808K, 31% used [0x00000000c1c00000,0x00000000c2cf53d8,0x00000000c5280000)
 Metaspace       used 43896K, capacity 45310K, committed 45656K, reserved 1089536K
  class space    used 5872K, capacity 6164K, committed 6272K, reserved 1048576K
Event: 32.058 GC heap after
Heap after GC invocations=15 (full 2):
 PSYoungGen      total 89600K, used 9718K [0x00000000eb400000, 0x00000000f3280000, 0x0000000100000000)
  eden space 79872K, 0% used [0x00000000eb400000,0x00000000eb400000,0x00000000f0200000)
  from space 9728K, 99% used [0x00000000f0200000,0x00000000f0b7d938,0x00000000f0b80000)
  to   space 10752K, 0% used [0x00000000f2800000,0x00000000f2800000,0x00000000f3280000)
 ParOldGen       total 55808K, used 17755K [0x00000000c1c00000, 0x00000000c5280000, 0x00000000eb400000)
  object space 55808K, 31% used [0x00000000c1c00000,0x00000000c2d56e78,0x00000000c5280000)
 Metaspace       used 43896K, capacity 45310K, committed 45656K, reserved 1089536K
  class space    used 5872K, capacity 6164K, committed 6272K, reserved 1048576K
}
Event: 34.276 GC heap before
{Heap before GC invocations=16 (full 2):
 PSYoungGen      total 89600K, used 89590K [0x00000000eb400000, 0x00000000f3280000, 0x0000000100000000)
  eden space 79872K, 100% used [0x00000000eb400000,0x00000000f0200000,0x00000000f0200000)
  from space 9728K, 99% used [0x00000000f0200000,0x00000000f0b7d938,0x00000000f0b80000)
  to   space 10752K, 0% used [0x00000000f2800000,0x00000000f2800000,0x00000000f3280000)
 ParOldGen       total 55808K, used 17755K [0x00000000c1c00000, 0x00000000c5280000, 0x00000000eb400000)
  object space 55808K, 31% used [0x00000000c1c00000,0x00000000c2d56e78,0x00000000c5280000)
 Metaspace       used 50336K, capacity 52064K, committed 52184K, reserved 1093632K
  class space    used 6845K, capacity 7159K, committed 7168K, reserved 1048576K
Event: 34.297 GC heap after
Heap after GC invocations=16 (full 2):
 PSYoungGen      total 117760K, used 8227K [0x00000000eb400000, 0x00000000f3280000, 0x0000000100000000)
  eden space 107008K, 0% used [0x00000000eb400000,0x00000000eb400000,0x00000000f1c80000)
  from space 10752K, 76% used [0x00000000f2800000,0x00000000f3008e48,0x00000000f3280000)
  to   space 11264K, 0% used [0x00000000f1c80000,0x00000000f1c80000,0x00000000f2780000)
 ParOldGen       total 55808K, used 20103K [0x00000000c1c00000, 0x00000000c5280000, 0x00000000eb400000)
  object space 55808K, 36% used [0x00000000c1c00000,0x00000000c2fa1eb8,0x00000000c5280000)
 Metaspace       used 50336K, capacity 52064K, committed 52184K, reserved 1093632K
  class space    used 6845K, capacity 7159K, committed 7168K, reserved 1048576K
}

