# JRE version: Java(TM) SE Runtime Environment (8.0_181-b13) (build 1.8.0_181-b13)
# Java VM: Java HotSpot(TM) 64-Bit Server VM (25.181-b13 mixed mode windows-amd64 compressed oops)
Heap:
 PSYoungGen      total 135680K, used 119066K [0x00000000eb400000, 0x00000000f4a00000, 0x0000000100000000)
  eden space 122880K, 86% used [0x00000000eb400000,0x00000000f1c27050,0x00000000f2c00000)
  from space 12800K, 96% used [0x00000000f3d80000,0x00000000f499f7f0,0x00000000f4a00000)
  to   space 14336K, 0% used [0x00000000f2e00000,0x00000000f2e00000,0x00000000f3c00000)
 ParOldGen       total 62464K, used 19388K [0x00000000c1c00000, 0x00000000c5900000, 0x00000000eb400000)
  object space 62464K, 31% used [0x00000000c1c00000,0x00000000c2eef1a8,0x00000000c5900000)
 Metaspace       used 53987K, capacity 55918K, committed 56112K, reserved 1097728K
  class space    used 7311K, capacity 7684K, committed 7728K, reserved 1048576K
GC Heap History (10 events):
Event: 1.882 GC heap before
{Heap before GC invocations=8 (full 1):
 PSYoungGen      total 72192K, used 65496K [0x00000000eb400000, 0x00000000f0200000, 0x0000000100000000)
  eden space 65536K, 99% used [0x00000000eb400000,0x00000000ef3f6078,0x00000000ef400000)
  from space 6656K, 0% used [0x00000000efb80000,0x00000000efb80000,0x00000000f0200000)
  to   space 7168K, 0% used [0x00000000ef400000,0x00000000ef400000,0x00000000efb00000)
 ParOldGen       total 33792K, used 5980K [0x00000000c1c00000, 0x00000000c3d00000, 0x00000000eb400000)
  object space 33792K, 17% used [0x00000000c1c00000,0x00000000c21d72a8,0x00000000c3d00000)
 Metaspace       used 23959K, capacity 24654K, committed 24880K, reserved 1071104K
  class space    used 3074K, capacity 3266K, committed 3376K, reserved 1048576K
Event: 1.887 GC heap after
Heap after GC invocations=8 (full 1):
 PSYoungGen      total 72704K, used 4756K [0x00000000eb400000, 0x00000000f2480000, 0x0000000100000000)
  eden space 65536K, 0% used [0x00000000eb400000,0x00000000eb400000,0x00000000ef400000)
  from space 7168K, 66% used [0x00000000ef400000,0x00000000ef8a5220,0x00000000efb00000)
  to   space 6656K, 0% used [0x00000000f1e00000,0x00000000f1e00000,0x00000000f2480000)
 ParOldGen       total 33792K, used 5988K [0x00000000c1c00000, 0x00000000c3d00000, 0x00000000eb400000)
  object space 33792K, 17% used [0x00000000c1c00000,0x00000000c21d92a8,0x00000000c3d00000)
 Metaspace       used 23959K, capacity 24654K, committed 24880K, reserved 1071104K
  class space    used 3074K, capacity 3266K, committed 3376K, reserved 1048576K
}
Event: 2.987 GC heap before
{Heap before GC invocations=9 (full 1):
 PSYoungGen      total 72704K, used 70292K [0x00000000eb400000, 0x00000000f2480000, 0x0000000100000000)
  eden space 65536K, 100% used [0x00000000eb400000,0x00000000ef400000,0x00000000ef400000)
  from space 7168K, 66% used [0x00000000ef400000,0x00000000ef8a5220,0x00000000efb00000)
  to   space 6656K, 0% used [0x00000000f1e00000,0x00000000f1e00000,0x00000000f2480000)
 ParOldGen       total 33792K, used 5988K [0x00000000c1c00000, 0x00000000c3d00000, 0x00000000eb400000)
  object space 33792K, 17% used [0x00000000c1c00000,0x00000000c21d92a8,0x00000000c3d00000)
 Metaspace       used 29769K, capacity 31068K, committed 31280K, reserved 1077248K
  class space    used 3856K, capacity 4141K, committed 4144K, reserved 1048576K
Event: 2.995 GC heap after
Heap after GC invocations=9 (full 1):
 PSYoungGen      total 104960K, used 6650K [0x00000000eb400000, 0x00000000f2500000, 0x0000000100000000)
  eden space 98304K, 0% used [0x00000000eb400000,0x00000000eb400000,0x00000000f1400000)
  from space 6656K, 99% used [0x00000000f1e00000,0x00000000f247eb00,0x00000000f2480000)
  to   space 8704K, 0% used [0x00000000f1400000,0x00000000f1400000,0x00000000f1c80000)
 ParOldGen       total 33792K, used 9436K [0x00000000c1c00000, 0x00000000c3d00000, 0x00000000eb400000)
  object space 33792K, 27% used [0x00000000c1c00000,0x00000000c2537058,0x00000000c3d00000)
 Metaspace       used 29769K, capacity 31068K, committed 31280K, reserved 1077248K
  class space    used 3856K, capacity 4141K, committed 4144K, reserved 1048576K
}
Event: 3.587 GC heap before
{Heap before GC invocations=10 (full 1):
 PSYoungGen      total 104960K, used 90323K [0x00000000eb400000, 0x00000000f2500000, 0x0000000100000000)
  eden space 98304K, 85% used [0x00000000eb400000,0x00000000f05b6378,0x00000000f1400000)
  from space 6656K, 99% used [0x00000000f1e00000,0x00000000f247eb00,0x00000000f2480000)
  to   space 8704K, 0% used [0x00000000f1400000,0x00000000f1400000,0x00000000f1c80000)
 ParOldGen       total 33792K, used 9436K [0x00000000c1c00000, 0x00000000c3d00000, 0x00000000eb400000)
  object space 33792K, 27% used [0x00000000c1c00000,0x00000000c2537058,0x00000000c3d00000)
 Metaspace       used 34049K, capacity 35358K, committed 35496K, reserved 1081344K
  class space    used 4354K, capacity 4624K, committed 4656K, reserved 1048576K
Event: 3.600 GC heap after
Heap after GC invocations=10 (full 1):
 PSYoungGen      total 107008K, used 8689K [0x00000000eb400000, 0x00000000f4a00000, 0x0000000100000000)
  eden space 98304K, 0% used [0x00000000eb400000,0x00000000eb400000,0x00000000f1400000)
  from space 8704K, 99% used [0x00000000f1400000,0x00000000f1c7c6f8,0x00000000f1c80000)
  to   space 12800K, 0% used [0x00000000f3d80000,0x00000000f3d80000,0x00000000f4a00000)
 ParOldGen       total 33792K, used 16089K [0x00000000c1c00000, 0x00000000c3d00000, 0x00000000eb400000)
  object space 33792K, 47% used [0x00000000c1c00000,0x00000000c2bb64c0,0x00000000c3d00000)
 Metaspace       used 34049K, capacity 35358K, committed 35496K, reserved 1081344K
  class space    used 4354K, capacity 4624K, committed 4656K, reserved 1048576K
}
Event: 3.600 GC heap before
{Heap before GC invocations=11 (full 2):
 PSYoungGen      total 107008K, used 8689K [0x00000000eb400000, 0x00000000f4a00000, 0x0000000100000000)
  eden space 98304K, 0% used [0x00000000eb400000,0x00000000eb400000,0x00000000f1400000)
  from space 8704K, 99% used [0x00000000f1400000,0x00000000f1c7c6f8,0x00000000f1c80000)
  to   space 12800K, 0% used [0x00000000f3d80000,0x00000000f3d80000,0x00000000f4a00000)
 ParOldGen       total 33792K, used 16089K [0x00000000c1c00000, 0x00000000c3d00000, 0x00000000eb400000)
  object space 33792K, 47% used [0x00000000c1c00000,0x00000000c2bb64c0,0x00000000c3d00000)
 Metaspace       used 34049K, capacity 35358K, committed 35496K, reserved 1081344K
  class space    used 4354K, capacity 4624K, committed 4656K, reserved 1048576K
Event: 3.672 GC heap after
Heap after GC invocations=11 (full 2):
 PSYoungGen      total 107008K, used 0K [0x00000000eb400000, 0x00000000f4a00000, 0x0000000100000000)
  eden space 98304K, 0% used [0x00000000eb400000,0x00000000eb400000,0x00000000f1400000)
  from space 8704K, 0% used [0x00000000f1400000,0x00000000f1400000,0x00000000f1c80000)
  to   space 12800K, 0% used [0x00000000f3d80000,0x00000000f3d80000,0x00000000f4a00000)
 ParOldGen       total 62464K, used 19380K [0x00000000c1c00000, 0x00000000c5900000, 0x00000000eb400000)
  object space 62464K, 31% used [0x00000000c1c00000,0x00000000c2eed1a8,0x00000000c5900000)
 Metaspace       used 34049K, capacity 35358K, committed 35496K, reserved 1081344K
  class space    used 4354K, capacity 4624K, committed 4656K, reserved 1048576K
}
Event: 4.923 GC heap before
{Heap before GC invocations=12 (full 2):
 PSYoungGen      total 107008K, used 98304K [0x00000000eb400000, 0x00000000f4a00000, 0x0000000100000000)
  eden space 98304K, 100% used [0x00000000eb400000,0x00000000f1400000,0x00000000f1400000)
  from space 8704K, 0% used [0x00000000f1400000,0x00000000f1400000,0x00000000f1c80000)
  to   space 12800K, 0% used [0x00000000f3d80000,0x00000000f3d80000,0x00000000f4a00000)
 ParOldGen       total 62464K, used 19380K [0x00000000c1c00000, 0x00000000c5900000, 0x00000000eb400000)
  object space 62464K, 31% used [0x00000000c1c00000,0x00000000c2eed1a8,0x00000000c5900000)
 Metaspace       used 46195K, capacity 47700K, committed 47792K, reserved 1091584K
  class space    used 6221K, capacity 6525K, committed 6576K, reserved 1048576K
Event: 4.936 GC heap after
Heap after GC invocations=12 (full 2):
 PSYoungGen      total 135680K, used 12413K [0x00000000eb400000, 0x00000000f4a00000, 0x0000000100000000)
  eden space 122880K, 0% used [0x00000000eb400000,0x00000000eb400000,0x00000000f2c00000)
  from space 12800K, 96% used [0x00000000f3d80000,0x00000000f499f7f0,0x00000000f4a00000)
  to   space 14336K, 0% used [0x00000000f2e00000,0x00000000f2e00000,0x00000000f3c00000)
 ParOldGen       total 62464K, used 19388K [0x00000000c1c00000, 0x00000000c5900000, 0x00000000eb400000)
  object space 62464K, 31% used [0x00000000c1c00000,0x00000000c2eef1a8,0x00000000c5900000)
 Metaspace       used 46195K, capacity 47700K, committed 47792K, reserved 1091584K
  class space    used 6221K, capacity 6525K, committed 6576K, reserved 1048576K
}

